15:19:39: Creating resource group General
15:19:39: Creating resource group Internal
15:19:39: Creating resource group Autodetect
15:19:39: SceneManagerFactory for type 'DefaultSceneManager' registered.
15:19:39: Registering ResourceManager for type Material
15:19:39: Registering ResourceManager for type Mesh
15:19:39: Registering ResourceManager for type Skeleton
15:19:39: MovableObjectFactory for type 'ParticleSystem' registered.
15:19:39: ArchiveFactory for archive type FileSystem registered.
15:19:39: DDS codec registering
15:19:39: ETC codec registering
15:19:39: stb_image - v2.15 - public domain JPEG/PNG reader
15:19:39: Supported formats: jpeg,jpg,png,bmp,psd,tga,gif,pic,ppm,pgm,hdr
15:19:39: Registering ResourceManager for type HighLevelGpuProgram
15:19:39: Registering ResourceManager for type Compositor
15:19:39: MovableObjectFactory for type 'Entity' registered.
15:19:39: MovableObjectFactory for type 'Light' registered.
15:19:39: MovableObjectFactory for type 'BillboardSet' registered.
15:19:39: MovableObjectFactory for type 'ManualObject' registered.
15:19:39: MovableObjectFactory for type 'BillboardChain' registered.
15:19:39: MovableObjectFactory for type 'RibbonTrail' registered.
15:19:39: Loading library /usr/local/lib/OGRE/RenderSystem_GL
15:19:39: Installing plugin: GL RenderSystem
15:19:39: OpenGL Rendering Subsystem created.
15:19:39: Plugin successfully installed
15:19:39: *-*-* OGRE Initialising
15:19:39: *-*-* Version 1.10.8 (Xalafu)
15:19:41: Added resource location 'DemoAssets/' of type 'FileSystem' to resource group 'General'
15:19:41: Added resource location 'DemoAssets/particle/' of type 'FileSystem' to resource group 'General'
15:19:41: Added resource location 'DemoAssets/materials/' of type 'FileSystem' to resource group 'General'
15:19:41: Added resource location 'DemoAssets/meshes/' of type 'FileSystem' to resource group 'General'
15:19:41: Added resource location 'DemoAssets/textures/' of type 'FileSystem' to resource group 'General'
15:19:41: Added resource location 'DemoAssets/overlays/' of type 'FileSystem' to resource group 'General'
15:19:41: Added resource location 'DemoAssets/fonts/' of type 'FileSystem' to resource group 'General'
15:19:41: CPU Identifier & Features
15:19:41: -------------------------
15:19:41:  *   CPU ID: GenuineIntel: Intel(R) Core(TM) i5-6300U CPU @ 2.40GHz
15:19:41:  *          SSE: yes
15:19:41:  *         SSE2: yes
15:19:41:  *         SSE3: yes
15:19:41:  *        SSE41: yes
15:19:41:  *        SSE42: yes
15:19:41:  *          MMX: yes
15:19:41:  *       MMXEXT: yes
15:19:41:  *        3DNOW: no
15:19:41:  *     3DNOWEXT: no
15:19:41:  *         CMOV: yes
15:19:41:  *          TSC: yes
15:19:41:  *INVARIANT TSC: yes
15:19:41:  *          FPU: yes
15:19:41:  *          PRO: yes
15:19:41:  *           HT: no
15:19:41: -------------------------
15:19:41: ******************************
*** Starting GLX Subsystem ***
******************************
15:19:41: GLX_VERSION = 1.4
15:19:41: GLX_EXTENSIONS = GLX_ARB_create_context GLX_ARB_create_context_profile GLX_ARB_create_context_robustness GLX_ARB_fbconfig_float GLX_ARB_framebuffer_sRGB GLX_ARB_get_proc_address GLX_ARB_multisample GLX_EXT_import_context GLX_EXT_visual_info GLX_EXT_visual_rating GLX_EXT_fbconfig_packed_float GLX_EXT_framebuffer_sRGB GLX_EXT_create_context_es2_profile GLX_EXT_create_context_es_profile GLX_MESA_copy_sub_buffer GLX_MESA_multithread_makecurrent GLX_MESA_query_renderer GLX_MESA_swap_control GLX_OML_swap_method GLX_OML_sync_control GLX_SGI_make_current_read GLX_SGI_swap_control GLX_SGI_video_sync GLX_SGIS_multisample GLX_SGIX_fbconfig GLX_SGIX_pbuffer GLX_SGIX_visual_select_group GLX_EXT_texture_from_pixmap GLX_INTEL_swap_event GLX_EXT_buffer_age 
15:19:41: Registering ResourceManager for type Texture
15:19:41: GLRenderSystem::_createRenderWindow "OGRE Render Window", 1024x768 windowed  miscParams: FSAA=0 displayFrequency=N/A gamma=No vsync=No 
15:19:41: Actual frame buffer FSAA: 0, gamma: false
15:19:41: Created GL 3.0 context
15:19:41: GLXWindow::create used FBConfigID = 213
15:19:41: GL_VERSION = 3.0 Mesa 17.0.7
15:19:41: GL_VENDOR = VMware, Inc.
15:19:41: GL_RENDERER = Gallium 0.4 on llvmpipe (LLVM 4.0, 256 bits)
15:19:41: GL_EXTENSIONS = GL_ARB_multisample GL_EXT_abgr GL_EXT_bgra GL_EXT_blend_color GL_EXT_blend_minmax GL_EXT_blend_subtract GL_EXT_copy_texture GL_EXT_polygon_offset GL_EXT_subtexture GL_EXT_texture_object GL_EXT_vertex_array GL_EXT_compiled_vertex_array GL_EXT_texture GL_EXT_texture3D GL_IBM_rasterpos_clip GL_ARB_point_parameters GL_EXT_draw_range_elements GL_EXT_packed_pixels GL_EXT_point_parameters GL_EXT_rescale_normal GL_EXT_separate_specular_color GL_EXT_texture_edge_clamp GL_SGIS_generate_mipmap GL_SGIS_texture_border_clamp GL_SGIS_texture_edge_clamp GL_SGIS_texture_lod GL_ARB_framebuffer_sRGB GL_ARB_multitexture GL_EXT_framebuffer_sRGB GL_IBM_multimode_draw_arrays GL_IBM_texture_mirrored_repeat GL_ARB_texture_cube_map GL_ARB_texture_env_add GL_ARB_transpose_matrix GL_EXT_blend_func_separate GL_EXT_fog_coord GL_EXT_multi_draw_arrays GL_EXT_secondary_color GL_EXT_texture_env_add GL_EXT_texture_lod_bias GL_INGR_blend_func_separate GL_NV_blend_square GL_NV_light_max_exponent GL_NV_texgen_reflection GL_NV_texture_env_combine4 GL_S3_s3tc GL_SUN_multi_draw_arrays GL_ARB_texture_border_clamp GL_ARB_texture_compression GL_EXT_framebuffer_object GL_EXT_texture_compression_s3tc GL_EXT_texture_env_combine GL_EXT_texture_env_dot3 GL_MESA_window_pos GL_NV_packed_depth_stencil GL_NV_texture_rectangle GL_ARB_depth_texture GL_ARB_occlusion_query GL_ARB_shadow GL_ARB_texture_env_combine GL_ARB_texture_env_crossbar GL_ARB_texture_env_dot3 GL_ARB_texture_mirrored_repeat GL_ARB_window_pos GL_ATI_fragment_shader GL_EXT_stencil_two_side GL_EXT_texture_cube_map GL_NV_depth_clamp GL_NV_fog_distance GL_APPLE_packed_pixels GL_APPLE_vertex_array_object GL_ARB_draw_buffers GL_ARB_fragment_program GL_ARB_fragment_shader GL_ARB_shader_objects GL_ARB_vertex_program GL_ARB_vertex_shader GL_ATI_draw_buffers GL_ATI_texture_env_combine3 GL_ATI_texture_float GL_EXT_shadow_funcs GL_EXT_stencil_wrap GL_MESA_pack_invert GL_MESA_ycbcr_texture GL_NV_primitive_restart GL_ARB_depth_clamp GL_ARB_fragment_program_shadow GL_ARB_half_float_pixel GL_ARB_occlusion_query2 GL_ARB_point_sprite GL_ARB_shading_language_100 GL_ARB_sync GL_ARB_texture_non_power_of_two GL_ARB_vertex_buffer_object GL_ATI_blend_equation_separate GL_EXT_blend_equation_separate GL_OES_read_format GL_ARB_color_buffer_float GL_ARB_pixel_buffer_object GL_ARB_texture_compression_rgtc GL_ARB_texture_float GL_ARB_texture_rectangle GL_ATI_texture_compression_3dc GL_EXT_packed_float GL_EXT_pixel_buffer_object GL_EXT_texture_compression_dxt1 GL_EXT_texture_compression_rgtc GL_EXT_texture_mirror_clamp GL_EXT_texture_rectangle GL_EXT_texture_sRGB GL_EXT_texture_shared_exponent GL_ARB_framebuffer_object GL_EXT_framebuffer_blit GL_EXT_framebuffer_multisample GL_EXT_packed_depth_stencil GL_ARB_vertex_array_object GL_ATI_separate_stencil GL_ATI_texture_mirror_once GL_EXT_draw_buffers2 GL_EXT_draw_instanced GL_EXT_gpu_program_parameters GL_EXT_texture_array GL_EXT_texture_compression_latc GL_EXT_texture_integer GL_EXT_texture_sRGB_decode GL_EXT_timer_query GL_OES_EGL_image GL_ARB_copy_buffer GL_ARB_depth_buffer_float GL_ARB_draw_instanced GL_ARB_half_float_vertex GL_ARB_instanced_arrays GL_ARB_map_buffer_range GL_ARB_texture_rg GL_ARB_texture_swizzle GL_ARB_vertex_array_bgra GL_EXT_texture_swizzle GL_EXT_vertex_array_bgra GL_NV_conditional_render GL_AMD_conservative_depth GL_AMD_draw_buffers_blend GL_AMD_seamless_cubemap_per_texture GL_AMD_shader_stencil_export GL_ARB_ES2_compatibility GL_ARB_blend_func_extended GL_ARB_debug_output GL_ARB_draw_buffers_blend GL_ARB_draw_elements_base_vertex GL_ARB_explicit_attrib_location GL_ARB_fragment_coord_conventions GL_ARB_provoking_vertex GL_ARB_sampler_objects GL_ARB_seamless_cube_map GL_ARB_shader_stencil_export GL_ARB_shader_texture_lod GL_ARB_texture_cube_map_array GL_ARB_texture_gather GL_ARB_texture_multisample GL_ARB_texture_rgb10_a2ui GL_ARB_uniform_buffer_object GL_ARB_vertex_type_2_10_10_10_rev GL_EXT_provoking_vertex GL_EXT_texture_snorm GL_MESA_texture_signed_rgba GL_ARB_get_program_binary GL_ARB_robustness GL_ARB_separate_shader_objects GL_ARB_shader_bit_encoding GL_ARB_timer_query GL_ARB_transform_feedback2 GL_ARB_transform_feedback3 GL_ANGLE_texture_compression_dxt3 GL_ANGLE_texture_compression_dxt5 GL_ARB_base_instance GL_ARB_compressed_texture_pixel_storage GL_ARB_conservative_depth GL_ARB_internalformat_query GL_ARB_map_buffer_alignment GL_ARB_shading_language_420pack GL_ARB_shading_language_packing GL_ARB_texture_storage GL_ARB_transform_feedback_instanced GL_EXT_framebuffer_multisample_blit_scaled GL_EXT_transform_feedback GL_AMD_shader_trinary_minmax GL_ARB_ES3_compatibility GL_ARB_arrays_of_arrays GL_ARB_clear_buffer_object GL_ARB_copy_image GL_ARB_explicit_uniform_location GL_ARB_invalidate_subdata GL_ARB_program_interface_query GL_ARB_stencil_texturing GL_ARB_texture_query_levels GL_ARB_texture_storage_multisample GL_ARB_texture_view GL_ARB_vertex_attrib_binding GL_KHR_debug GL_ARB_buffer_storage GL_ARB_internalformat_query2 GL_ARB_multi_bind GL_ARB_seamless_cubemap_per_texture GL_ARB_texture_mirror_clamp_to_edge GL_ARB_texture_stencil8 GL_ARB_vertex_type_10f_11f_11f_rev GL_EXT_shader_integer_mix GL_ARB_clip_control GL_ARB_conditional_render_inverted GL_ARB_cull_distance GL_ARB_get_texture_sub_image GL_EXT_polygon_offset_clamp GL_KHR_context_flush_control GL_MESA_shader_integer_functions 
15:19:41: ***************************
15:19:41: *** GL Renderer Started ***
15:19:41: ***************************
15:19:41: Registering ResourceManager for type GpuProgram
15:19:41: GLSL support detected
15:19:41: GL: Using GL_EXT_framebuffer_object for rendering to textures (best)
15:19:41: FBO PF_UNKNOWN depth/stencil support: D0S1 D0S4 D0S8 D0S16 D16S0 D24S0 D32S0 Packed-D24S8 
15:19:41: FBO PF_L8 depth/stencil support: D0S0 D0S1 D0S4 D0S8 D0S16 D16S0 D24S0 D32S0 Packed-D24S8 
15:19:41: FBO PF_L16 depth/stencil support: D0S0 D0S1 D0S4 D0S8 D0S16 D16S0 D24S0 D32S0 Packed-D24S8 
15:19:41: FBO PF_A8 depth/stencil support: D0S0 D0S1 D0S4 D0S8 D0S16 D16S0 D24S0 D32S0 Packed-D24S8 
15:19:41: FBO PF_A4L4 depth/stencil support: D0S0 D0S1 D0S4 D0S8 D0S16 D16S0 D24S0 D32S0 Packed-D24S8 
15:19:41: FBO PF_BYTE_LA depth/stencil support: D0S0 D0S1 D0S4 D0S8 D0S16 D16S0 D24S0 D32S0 Packed-D24S8 
15:19:41: FBO PF_R5G6B5 depth/stencil support: D0S0 D0S1 D0S4 D0S8 D0S16 D16S0 D24S0 D32S0 Packed-D24S8 
15:19:41: FBO PF_B5G6R5 depth/stencil support: D0S0 D0S1 D0S4 D0S8 D0S16 D16S0 D24S0 D32S0 Packed-D24S8 
15:19:41: FBO PF_A4R4G4B4 depth/stencil support: D0S0 D0S1 D0S4 D0S8 D0S16 D16S0 D24S0 D32S0 Packed-D24S8 
15:19:41: FBO PF_A1R5G5B5 depth/stencil support: D0S0 D0S1 D0S4 D0S8 D0S16 D16S0 D24S0 D32S0 Packed-D24S8 
15:19:41: FBO PF_R8G8B8 depth/stencil support: D0S0 D0S1 D0S4 D0S8 D0S16 D16S0 D24S0 D32S0 Packed-D24S8 
15:19:41: FBO PF_B8G8R8 depth/stencil support: D0S0 D0S1 D0S4 D0S8 D0S16 D16S0 D24S0 D32S0 Packed-D24S8 
15:19:41: FBO PF_A8R8G8B8 depth/stencil support: D0S0 D0S1 D0S4 D0S8 D0S16 D16S0 D24S0 D32S0 Packed-D24S8 
15:19:41: FBO PF_B8G8R8A8 depth/stencil support: D0S0 D0S1 D0S4 D0S8 D0S16 D16S0 D24S0 D32S0 Packed-D24S8 
15:19:41: FBO PF_A2R10G10B10 depth/stencil support: D0S0 D0S1 D0S4 D0S8 D0S16 D16S0 D24S0 D32S0 Packed-D24S8 
15:19:41: FBO PF_A2B10G10R10 depth/stencil support: D0S0 D0S1 D0S4 D0S8 D0S16 D16S0 D24S0 D32S0 Packed-D24S8 
15:19:41: FBO PF_FLOAT16_RGB depth/stencil support: D0S0 D0S1 D0S4 D0S8 D0S16 D16S0 D24S0 D32S0 Packed-D24S8 
15:19:41: FBO PF_FLOAT16_RGBA depth/stencil support: D0S0 D0S1 D0S4 D0S8 D0S16 D16S0 D24S0 D32S0 Packed-D24S8 
15:19:41: FBO PF_FLOAT32_RGB depth/stencil support: D0S0 D0S1 D0S4 D0S8 D0S16 D16S0 D24S0 D32S0 Packed-D24S8 
15:19:41: FBO PF_FLOAT32_RGBA depth/stencil support: D0S0 D0S1 D0S4 D0S8 D0S16 D16S0 D24S0 D32S0 Packed-D24S8 
15:19:41: FBO PF_X8R8G8B8 depth/stencil support: D0S0 D0S1 D0S4 D0S8 D0S16 D16S0 D24S0 D32S0 Packed-D24S8 
15:19:41: FBO PF_X8B8G8R8 depth/stencil support: D0S0 D0S1 D0S4 D0S8 D0S16 D16S0 D24S0 D32S0 Packed-D24S8 
15:19:41: FBO PF_SHORT_RGBA depth/stencil support: D0S0 D0S1 D0S4 D0S8 D0S16 D16S0 D24S0 D32S0 Packed-D24S8 
15:19:41: FBO PF_R3G3B2 depth/stencil support: D0S0 D0S1 D0S4 D0S8 D0S16 D16S0 D24S0 D32S0 Packed-D24S8 
15:19:41: FBO PF_FLOAT16_R depth/stencil support: D0S0 D0S1 D0S4 D0S8 D0S16 D16S0 D24S0 D32S0 Packed-D24S8 
15:19:41: FBO PF_FLOAT32_R depth/stencil support: D0S0 D0S1 D0S4 D0S8 D0S16 D16S0 D24S0 D32S0 Packed-D24S8 
15:19:41: FBO PF_SHORT_GR depth/stencil support: D0S0 D0S1 D0S4 D0S8 D0S16 D16S0 D24S0 D32S0 Packed-D24S8 
15:19:41: FBO PF_FLOAT16_GR depth/stencil support: D0S0 D0S1 D0S4 D0S8 D0S16 D16S0 D24S0 D32S0 Packed-D24S8 
15:19:41: FBO PF_FLOAT32_GR depth/stencil support: D0S0 D0S1 D0S4 D0S8 D0S16 D16S0 D24S0 D32S0 Packed-D24S8 
15:19:41: FBO PF_SHORT_RGB depth/stencil support: D0S0 D0S1 D0S4 D0S8 D0S16 D16S0 D24S0 D32S0 Packed-D24S8 
15:19:41: [GL] : Valid FBO targets PF_UNKNOWN PF_L8 PF_L16 PF_A8 PF_A4L4 PF_BYTE_LA PF_R5G6B5 PF_B5G6R5 PF_A4R4G4B4 PF_A1R5G5B5 PF_R8G8B8 PF_B8G8R8 PF_A8R8G8B8 PF_B8G8R8A8 PF_A2R10G10B10 PF_A2B10G10R10 PF_FLOAT16_RGB PF_FLOAT16_RGBA PF_FLOAT32_RGB PF_FLOAT32_RGBA PF_X8R8G8B8 PF_X8B8G8R8 PF_SHORT_RGBA PF_R3G3B2 PF_FLOAT16_R PF_FLOAT32_R PF_SHORT_GR PF_FLOAT16_GR PF_FLOAT32_GR PF_SHORT_RGB 
15:19:41: RenderSystem capabilities
15:19:41: -------------------------
15:19:41: RenderSystem Name: OpenGL Rendering Subsystem
15:19:41: GPU Vendor: unknown
15:19:41: Device Name: Gallium 0.4 on llvmpipe (LLVM 4.0, 256 bits)
15:19:41: Driver Version: 3.0.0.0
15:19:41:  * Fixed function pipeline: yes
15:19:41:  * Anisotropic texture filtering: no
15:19:41:  * Cube mapping: yes
15:19:41:  * Hardware stencil buffer: yes
15:19:41:    - Stencil depth: 8
15:19:41:    - Two sided stencil support: yes
15:19:41:    - Wrap stencil values: yes
15:19:41:  * 32-bit index buffers: yes
15:19:41:  * Vertex programs: yes
15:19:41:  * Number of floating-point constants for vertex programs: 4096
15:19:41:  * Number of integer constants for vertex programs: 0
15:19:41:  * Number of boolean constants for vertex programs: 0
15:19:41:  * Fragment programs: yes
15:19:41:  * Number of floating-point constants for fragment programs: 4096
15:19:41:  * Number of integer constants for fragment programs: 0
15:19:41:  * Number of boolean constants for fragment programs: 0
15:19:41:  * Geometry programs: no
15:19:41:  * Number of floating-point constants for geometry programs: 8243
15:19:41:  * Number of integer constants for geometry programs: 19527
15:19:41:  * Number of boolean constants for geometry programs: 16735
15:19:41:  * Tessellation Hull programs: no
15:19:41:  * Number of floating-point constants for tessellation hull programs: 25972
15:19:41:  * Number of integer constants for tessellation hull programs: 25454
15:19:41:  * Number of boolean constants for tessellation hull programs: 27753
15:19:41:  * Tessellation Domain programs: no
15:19:41:  * Number of floating-point constants for tessellation domain programs: 29791
15:19:41:  * Number of integer constants for tessellation domain programs: 28535
15:19:41:  * Number of boolean constants for tessellation domain programs: 29535
15:19:41:  * Compute programs: no
15:19:41:  * Number of floating-point constants for compute programs: 25705
15:19:41:  * Number of integer constants for compute programs: 8293
15:19:41:  * Number of boolean constants for compute programs: 19527
15:19:41:  * Supported Shader Profiles: arbfp1 arbvp1 glsl glsl100 glsl110 glsl120 ps_1_1 ps_1_2 ps_1_3 ps_1_4
15:19:41:  * Texture Compression: yes
15:19:41:    - DXT: yes
15:19:41:    - VTC: no
15:19:41:    - PVRTC: no
15:19:41:    - ATC: no
15:19:41:    - ETC1: no
15:19:41:    - ETC2: no
15:19:41:    - BC4/BC5: no
15:19:41:    - BC6H/BC7: no
15:19:41:    - Mipmaps for compressed formats: yes
15:19:41:  * Hardware Occlusion Query: yes
15:19:41:  * User clip planes: yes
15:19:41:  * VET_UBYTE4 vertex element type: yes
15:19:41:  * Infinite far plane projection: yes
15:19:41:  * Hardware render-to-texture: yes
15:19:41:  * Floating point textures: yes
15:19:41:  * Non-power-of-two textures: yes
15:19:41:  * 1d textures: yes
15:19:41:  * Volume textures: yes
15:19:41:  * Multiple Render Targets: 8
15:19:41:    - With different bit depths: yes
15:19:41:  * Point Sprites: yes
15:19:41:  * Hardware Gamma: yes
15:19:41:  * Extended point parameters: yes
15:19:41:  * Max Point Size: 255
15:19:41:  * Vertex texture fetch: yes
15:19:41:  * Number of world matrices: 0
15:19:41:  * Number of texture units: 16
15:19:41:  * Stencil buffer depth: 8
15:19:41:  * Number of vertex blend matrices: 0
15:19:41:    - Max vertex textures: 32
15:19:41:    - Vertex textures shared: yes
15:19:41:  * Render to Vertex Buffer : no
15:19:41:  * Hardware Atomic Counters: no
15:19:41:  * PBuffer support: yes
15:19:41:  * Vertex Array Objects: no
15:19:41:  * Separate shader objects: no
15:19:41:  * GLSL SSO redeclare interface block: no
15:19:41:  * Debugging/ profiling events: no
15:19:41:  * Map buffer storage: yes
15:19:41: DefaultWorkQueue('Root') initialising on thread main.
15:19:41: Particle Renderer Type 'billboard' registered
15:19:41: OverlayElementFactory for type Panel registered.
15:19:41: OverlayElementFactory for type BorderPanel registered.
15:19:41: OverlayElementFactory for type TextArea registered.
15:19:41: Registering ResourceManager for type Font
15:19:41: Parsing scripts for resource group Autodetect
15:19:41: Finished parsing scripts for resource group Autodetect
15:19:41: Creating resources for group Autodetect
15:19:41: All done
15:19:41: Parsing scripts for resource group General
15:19:41: Parsing script GrassFloor.material
15:19:41: Parsing script Skyplane.material
15:19:41: Parsing script Tile.material
15:19:41: Parsing script Plain.material
15:19:41: Compiler error: reference to a non existing object in Plain.material(130)
15:19:41: Compiler error: reference to a non existing object in Plain.material(142)
15:19:41: Parsing script Space.material
15:19:41: Parsing script Skybox.material
15:19:41: Parsing script FreeMono.fontdef
15:19:41: Parsing script FreeSans.fontdef
15:19:41: Parsing script Example3Info.overlay
15:19:41: Finished parsing scripts for resource group General
15:19:41: Creating resources for group General
15:19:41: All done
15:19:41: Parsing scripts for resource group Internal
15:19:41: Finished parsing scripts for resource group Internal
15:19:41: Creating resources for group Internal
15:19:41: All done
15:19:41: Mesh: Loading cube.mesh.
15:19:41: WARNING: cube.mesh is an older format ([MeshSerializer_v1.8]); you should upgrade it as soon as possible using the OgreMeshUpgrade tool.
15:19:41: Texture: galaxy.jpg: Loading 1 faces(PF_B8G8R8,2560x1920x1) with 11 hardware generated mipmaps from Image. Internal format is PF_R8G8B8,2560x1920x1.
15:19:41: Mesh: Loading sphere.mesh.
15:19:41: WARNING: sphere.mesh is an older format ([MeshSerializer_v1.8]); you should upgrade it as soon as possible using the OgreMeshUpgrade tool.
15:19:41: Texture: check.jpg: Loading 1 faces(PF_B8G8R8,512x512x1) with 9 hardware generated mipmaps from Image. Internal format is PF_R8G8B8,512x512x1.
15:19:41: Texture: stevecube_fr.jpg: Loading 1 faces(PF_B8G8R8,512x512x1) with 9 hardware generated mipmaps from Image. Internal format is PF_R8G8B8,512x512x1.
15:19:41: Texture: stevecube_bk.jpg: Loading 1 faces(PF_B8G8R8,512x512x1) with 9 hardware generated mipmaps from Image. Internal format is PF_R8G8B8,512x512x1.
15:19:41: Texture: stevecube_lf.jpg: Loading 1 faces(PF_B8G8R8,512x512x1) with 9 hardware generated mipmaps from Image. Internal format is PF_R8G8B8,512x512x1.
15:19:41: Texture: stevecube_rt.jpg: Loading 1 faces(PF_B8G8R8,512x512x1) with 9 hardware generated mipmaps from Image. Internal format is PF_R8G8B8,512x512x1.
15:19:41: Texture: stevecube_up.jpg: Loading 1 faces(PF_B8G8R8,512x512x1) with 9 hardware generated mipmaps from Image. Internal format is PF_R8G8B8,512x512x1.
15:19:41: Texture: stevecube_dn.jpg: Loading 1 faces(PF_B8G8R8,512x512x1) with 9 hardware generated mipmaps from Image. Internal format is PF_R8G8B8,512x512x1.
15:19:41: InvalidParametersException: Named constants have not been initialised, perhaps a compile error. in GpuProgramParameters::_findNamedConstantDefinition at /home/student/ogre-1.10.8/OgreMain/src/OgreGpuProgramParams.cpp (line 2194)
15:19:41: InvalidParametersException: Named constants have not been initialised, perhaps a compile error. in GpuProgramParameters::_findNamedConstantDefinition at /home/student/ogre-1.10.8/OgreMain/src/OgreGpuProgramParams.cpp (line 2194)
15:19:41: Texture: spot_shadow_fade.png: Loading 1 faces(PF_B8G8R8,128x128x1) with 7 hardware generated mipmaps from Image. Internal format is PF_R8G8B8,128x128x1.
15:19:42: Font FreeSansBold using texture size 512x512
15:19:42: Texture: FreeSansBoldTexture: Loading 1 faces(PF_BYTE_LA,512x512x1) Internal format is PF_BYTE_LA,512x512x1.
15:19:42: Font FreeSans using texture size 512x512
15:19:42: Texture: FreeSansTexture: Loading 1 faces(PF_BYTE_LA,512x512x1) Internal format is PF_BYTE_LA,512x512x1.
15:19:44: Texture: nm_up.png: Loading 1 faces(PF_B8G8R8,128x128x1) with 7 hardware generated mipmaps from Image. Internal format is PF_R8G8B8,128x128x1.
15:19:47: Texture: nm_fr.png: Loading 1 faces(PF_B8G8R8,128x128x1) with 7 hardware generated mipmaps from Image. Internal format is PF_R8G8B8,128x128x1.
15:20:24: Texture: galaxyGreen.jpg: Loading 1 faces(PF_B8G8R8,960x728x1) with 9 hardware generated mipmaps from Image. Internal format is PF_R8G8B8,960x728x1.
15:21:13: Texture: galaxyBlue.jpg: Loading 1 faces(PF_B8G8R8,946x946x1) with 9 hardware generated mipmaps from Image. Internal format is PF_R8G8B8,946x946x1.
